<?xml version="1.0" encoding="UTF-8"?>
<testng-results ignored="0" total="1" passed="1" failed="0" skipped="0">
  <reporter-output>
  </reporter-output>
  <suite started-at="2021-12-28T14:52:00 BDT" name="Default suite" finished-at="2021-12-28T14:52:31 BDT" duration-ms="30903">
    <groups>
    </groups>
    <test started-at="2021-12-28T14:52:00 BDT" name="Default test" finished-at="2021-12-28T14:52:31 BDT" duration-ms="30903">
      <class name="tests.Tests">
        <test-method is-config="true" signature="start()[pri:0, instance:tests.Tests@4bd2f0dc]" started-at="2021-12-28T14:52:00 BDT" name="start" finished-at="2021-12-28T14:52:12 BDT" duration-ms="11998" status="PASS">
          <reporter-output>
          </reporter-output>
        </test-method> <!-- start -->
        <test-method signature="tests()[pri:0, instance:tests.Tests@4bd2f0dc]" started-at="2021-12-28T14:52:12 BDT" name="tests" finished-at="2021-12-28T14:52:31 BDT" duration-ms="18829" status="PASS">
          <reporter-output>
          </reporter-output>
        </test-method> <!-- tests -->
      </class> <!-- tests.Tests -->
    </test> <!-- Default test -->
  </suite> <!-- Default suite -->
</testng-results>
